<?xml version="1.0" encoding="UTF-8"?>
<testsuite xmlns:xsi="http://www.w3.org/2001/XMLSchema-instance" xsi:noNamespaceSchemaLocation="https://maven.apache.org/surefire/maven-surefire-plugin/xsd/surefire-test-report-3.0.xsd" version="3.0" name="cucumber.Options.TestRunner" time="5.88" tests="2" errors="0" skipped="0" failures="0">
  <properties>
    <property name="java.specification.version" value="21"/>
    <property name="sun.cpu.isalist" value="amd64"/>
    <property name="sun.jnu.encoding" value="Cp1252"/>
    <property name="java.class.path" value="D:\Learning\Rest API(Automation)-Rest Assured Java\eclipse-workspacefor-RestAPI-RestAssured\RestAssured_Framework\target\test-classes;D:\Learning\Rest API(Automation)-Rest Assured Java\eclipse-workspacefor-RestAPI-RestAssured\RestAssured_Framework\target\classes;C:\Users\Rakesh B R\.m2\repository\io\rest-assured\rest-assured\5.5.1\rest-assured-5.5.1.jar;C:\Users\Rakesh B R\.m2\repository\org\apache\groovy\groovy\4.0.22\groovy-4.0.22.jar;C:\Users\Rakesh B R\.m2\repository\org\apache\groovy\groovy-xml\4.0.22\groovy-xml-4.0.22.jar;C:\Users\Rakesh B R\.m2\repository\org\apache\httpcomponents\httpclient\4.5.13\httpclient-4.5.13.jar;C:\Users\Rakesh B R\.m2\repository\org\apache\httpcomponents\httpcore\4.4.13\httpcore-4.4.13.jar;C:\Users\Rakesh B R\.m2\repository\commons-logging\commons-logging\1.2\commons-logging-1.2.jar;C:\Users\Rakesh B R\.m2\repository\commons-codec\commons-codec\1.11\commons-codec-1.11.jar;C:\Users\Rakesh B R\.m2\repository\org\apache\httpcomponents\httpmime\4.5.13\httpmime-4.5.13.jar;C:\Users\Rakesh B R\.m2\repository\org\hamcrest\hamcrest\2.2\hamcrest-2.2.jar;C:\Users\Rakesh B R\.m2\repository\org\ccil\cowan\tagsoup\tagsoup\1.2.1\tagsoup-1.2.1.jar;C:\Users\Rakesh B R\.m2\repository\io\rest-assured\json-path\5.5.1\json-path-5.5.1.jar;C:\Users\Rakesh B R\.m2\repository\org\apache\groovy\groovy-json\4.0.22\groovy-json-4.0.22.jar;C:\Users\Rakesh B R\.m2\repository\io\rest-assured\rest-assured-common\5.5.1\rest-assured-common-5.5.1.jar;C:\Users\Rakesh B R\.m2\repository\io\rest-assured\xml-path\5.5.1\xml-path-5.5.1.jar;C:\Users\Rakesh B R\.m2\repository\org\apache\commons\commons-lang3\3.16.0\commons-lang3-3.16.0.jar;C:\Users\Rakesh B R\.m2\repository\io\cucumber\cucumber-java\7.22.0\cucumber-java-7.22.0.jar;C:\Users\Rakesh B R\.m2\repository\io\cucumber\cucumber-core\7.22.0\cucumber-core-7.22.0.jar;C:\Users\Rakesh B R\.m2\repository\io\cucumber\cucumber-gherkin\7.22.0\cucumber-gherkin-7.22.0.jar;C:\Users\Rakesh B R\.m2\repository\io\cucumber\cucumber-gherkin-messages\7.22.0\cucumber-gherkin-messages-7.22.0.jar;C:\Users\Rakesh B R\.m2\repository\io\cucumber\gherkin\32.1.0\gherkin-32.1.0.jar;C:\Users\Rakesh B R\.m2\repository\io\cucumber\messages\27.2.0\messages-27.2.0.jar;C:\Users\Rakesh B R\.m2\repository\io\cucumber\testng-xml-formatter\0.3.1\testng-xml-formatter-0.3.1.jar;C:\Users\Rakesh B R\.m2\repository\io\cucumber\query\13.2.0\query-13.2.0.jar;C:\Users\Rakesh B R\.m2\repository\io\cucumber\tag-expressions\6.1.2\tag-expressions-6.1.2.jar;C:\Users\Rakesh B R\.m2\repository\io\cucumber\cucumber-expressions\18.0.1\cucumber-expressions-18.0.1.jar;C:\Users\Rakesh B R\.m2\repository\io\cucumber\datatable\7.22.0\datatable-7.22.0.jar;C:\Users\Rakesh B R\.m2\repository\io\cucumber\cucumber-plugin\7.22.0\cucumber-plugin-7.22.0.jar;C:\Users\Rakesh B R\.m2\repository\io\cucumber\docstring\7.22.0\docstring-7.22.0.jar;C:\Users\Rakesh B R\.m2\repository\io\cucumber\html-formatter\21.10.0\html-formatter-21.10.0.jar;C:\Users\Rakesh B R\.m2\repository\io\cucumber\junit-xml-formatter\0.7.1\junit-xml-formatter-0.7.1.jar;C:\Users\Rakesh B R\.m2\repository\io\cucumber\ci-environment\10.0.1\ci-environment-10.0.1.jar;C:\Users\Rakesh B R\.m2\repository\org\apiguardian\apiguardian-api\1.1.2\apiguardian-api-1.1.2.jar;C:\Users\Rakesh B R\.m2\repository\io\cucumber\cucumber-junit\7.22.0\cucumber-junit-7.22.0.jar;C:\Users\Rakesh B R\.m2\repository\junit\junit\4.13.2\junit-4.13.2.jar;C:\Users\Rakesh B R\.m2\repository\org\hamcrest\hamcrest-core\1.3\hamcrest-core-1.3.jar;C:\Users\Rakesh B R\.m2\repository\com\fasterxml\jackson\core\jackson-databind\2.18.3\jackson-databind-2.18.3.jar;C:\Users\Rakesh B R\.m2\repository\com\fasterxml\jackson\core\jackson-annotations\2.18.3\jackson-annotations-2.18.3.jar;C:\Users\Rakesh B R\.m2\repository\com\fasterxml\jackson\core\jackson-core\2.18.3\jackson-core-2.18.3.jar;"/>
    <property name="java.vm.vendor" value="Oracle Corporation"/>
    <property name="sun.arch.data.model" value="64"/>
    <property name="CucumberOptions" value="--tags @tag"/>
    <property name="user.variant" value=""/>
    <property name="java.vendor.url" value="https://java.oracle.com/"/>
    <property name="user.timezone" value="Asia/Calcutta"/>
    <property name="os.name" value="Windows 11"/>
    <property name="java.vm.specification.version" value="21"/>
    <property name="sun.java.launcher" value="SUN_STANDARD"/>
    <property name="user.country" value="IN"/>
    <property name="sun.boot.library.path" value="C:\Program Files\Java\jdk-21\bin"/>
    <property name="sun.java.command" value="C:\Users\Rakesh B R\AppData\Local\Temp\surefire9088831338577258993\surefirebooter-20250504193325038_3.jar C:\Users\Rakesh B R\AppData\Local\Temp\surefire9088831338577258993 2025-05-04T19-33-24_864-jvmRun1 surefire-20250504193325038_1tmp surefire_0-20250504193325038_2tmp"/>
    <property name="jdk.debug" value="release"/>
    <property name="surefire.test.class.path" value="D:\Learning\Rest API(Automation)-Rest Assured Java\eclipse-workspacefor-RestAPI-RestAssured\RestAssured_Framework\target\test-classes;D:\Learning\Rest API(Automation)-Rest Assured Java\eclipse-workspacefor-RestAPI-RestAssured\RestAssured_Framework\target\classes;C:\Users\Rakesh B R\.m2\repository\io\rest-assured\rest-assured\5.5.1\rest-assured-5.5.1.jar;C:\Users\Rakesh B R\.m2\repository\org\apache\groovy\groovy\4.0.22\groovy-4.0.22.jar;C:\Users\Rakesh B R\.m2\repository\org\apache\groovy\groovy-xml\4.0.22\groovy-xml-4.0.22.jar;C:\Users\Rakesh B R\.m2\repository\org\apache\httpcomponents\httpclient\4.5.13\httpclient-4.5.13.jar;C:\Users\Rakesh B R\.m2\repository\org\apache\httpcomponents\httpcore\4.4.13\httpcore-4.4.13.jar;C:\Users\Rakesh B R\.m2\repository\commons-logging\commons-logging\1.2\commons-logging-1.2.jar;C:\Users\Rakesh B R\.m2\repository\commons-codec\commons-codec\1.11\commons-codec-1.11.jar;C:\Users\Rakesh B R\.m2\repository\org\apache\httpcomponents\httpmime\4.5.13\httpmime-4.5.13.jar;C:\Users\Rakesh B R\.m2\repository\org\hamcrest\hamcrest\2.2\hamcrest-2.2.jar;C:\Users\Rakesh B R\.m2\repository\org\ccil\cowan\tagsoup\tagsoup\1.2.1\tagsoup-1.2.1.jar;C:\Users\Rakesh B R\.m2\repository\io\rest-assured\json-path\5.5.1\json-path-5.5.1.jar;C:\Users\Rakesh B R\.m2\repository\org\apache\groovy\groovy-json\4.0.22\groovy-json-4.0.22.jar;C:\Users\Rakesh B R\.m2\repository\io\rest-assured\rest-assured-common\5.5.1\rest-assured-common-5.5.1.jar;C:\Users\Rakesh B R\.m2\repository\io\rest-assured\xml-path\5.5.1\xml-path-5.5.1.jar;C:\Users\Rakesh B R\.m2\repository\org\apache\commons\commons-lang3\3.16.0\commons-lang3-3.16.0.jar;C:\Users\Rakesh B R\.m2\repository\io\cucumber\cucumber-java\7.22.0\cucumber-java-7.22.0.jar;C:\Users\Rakesh B R\.m2\repository\io\cucumber\cucumber-core\7.22.0\cucumber-core-7.22.0.jar;C:\Users\Rakesh B R\.m2\repository\io\cucumber\cucumber-gherkin\7.22.0\cucumber-gherkin-7.22.0.jar;C:\Users\Rakesh B R\.m2\repository\io\cucumber\cucumber-gherkin-messages\7.22.0\cucumber-gherkin-messages-7.22.0.jar;C:\Users\Rakesh B R\.m2\repository\io\cucumber\gherkin\32.1.0\gherkin-32.1.0.jar;C:\Users\Rakesh B R\.m2\repository\io\cucumber\messages\27.2.0\messages-27.2.0.jar;C:\Users\Rakesh B R\.m2\repository\io\cucumber\testng-xml-formatter\0.3.1\testng-xml-formatter-0.3.1.jar;C:\Users\Rakesh B R\.m2\repository\io\cucumber\query\13.2.0\query-13.2.0.jar;C:\Users\Rakesh B R\.m2\repository\io\cucumber\tag-expressions\6.1.2\tag-expressions-6.1.2.jar;C:\Users\Rakesh B R\.m2\repository\io\cucumber\cucumber-expressions\18.0.1\cucumber-expressions-18.0.1.jar;C:\Users\Rakesh B R\.m2\repository\io\cucumber\datatable\7.22.0\datatable-7.22.0.jar;C:\Users\Rakesh B R\.m2\repository\io\cucumber\cucumber-plugin\7.22.0\cucumber-plugin-7.22.0.jar;C:\Users\Rakesh B R\.m2\repository\io\cucumber\docstring\7.22.0\docstring-7.22.0.jar;C:\Users\Rakesh B R\.m2\repository\io\cucumber\html-formatter\21.10.0\html-formatter-21.10.0.jar;C:\Users\Rakesh B R\.m2\repository\io\cucumber\junit-xml-formatter\0.7.1\junit-xml-formatter-0.7.1.jar;C:\Users\Rakesh B R\.m2\repository\io\cucumber\ci-environment\10.0.1\ci-environment-10.0.1.jar;C:\Users\Rakesh B R\.m2\repository\org\apiguardian\apiguardian-api\1.1.2\apiguardian-api-1.1.2.jar;C:\Users\Rakesh B R\.m2\repository\io\cucumber\cucumber-junit\7.22.0\cucumber-junit-7.22.0.jar;C:\Users\Rakesh B R\.m2\repository\junit\junit\4.13.2\junit-4.13.2.jar;C:\Users\Rakesh B R\.m2\repository\org\hamcrest\hamcrest-core\1.3\hamcrest-core-1.3.jar;C:\Users\Rakesh B R\.m2\repository\com\fasterxml\jackson\core\jackson-databind\2.18.3\jackson-databind-2.18.3.jar;C:\Users\Rakesh B R\.m2\repository\com\fasterxml\jackson\core\jackson-annotations\2.18.3\jackson-annotations-2.18.3.jar;C:\Users\Rakesh B R\.m2\repository\com\fasterxml\jackson\core\jackson-core\2.18.3\jackson-core-2.18.3.jar;"/>
    <property name="sun.cpu.endian" value="little"/>
    <property name="user.home" value="C:\Users\Rakesh B R"/>
    <property name="user.language" value="en"/>
    <property name="java.specification.vendor" value="Oracle Corporation"/>
    <property name="java.version.date" value="2024-10-15"/>
    <property name="java.home" value="C:\Program Files\Java\jdk-21"/>
    <property name="file.separator" value="\"/>
    <property name="basedir" value="D:\Learning\Rest API(Automation)-Rest Assured Java\eclipse-workspacefor-RestAPI-RestAssured\RestAssured_Framework"/>
    <property name="java.vm.compressedOopsMode" value="Zero based"/>
    <property name="line.separator" value="&#10;"/>
    <property name="java.vm.specification.vendor" value="Oracle Corporation"/>
    <property name="java.specification.name" value="Java Platform API Specification"/>
    <property name="surefire.real.class.path" value="C:\Users\Rakesh B R\AppData\Local\Temp\surefire9088831338577258993\surefirebooter-20250504193325038_3.jar"/>
    <property name="user.script" value=""/>
    <property name="sun.management.compiler" value="HotSpot 64-Bit Tiered Compilers"/>
    <property name="java.runtime.version" value="21.0.5+9-LTS-239"/>
    <property name="user.name" value="Rakesh B R"/>
    <property name="stdout.encoding" value="Cp1252"/>
    <property name="path.separator" value=";"/>
    <property name="os.version" value="10.0"/>
    <property name="java.runtime.name" value="Java(TM) SE Runtime Environment"/>
    <property name="file.encoding" value="UTF-8"/>
    <property name="java.vm.name" value="Java HotSpot(TM) 64-Bit Server VM"/>
    <property name="localRepository" value="C:\Users\Rakesh B R\.m2\repository"/>
    <property name="java.vendor.url.bug" value="https://bugreport.java.com/bugreport/"/>
    <property name="java.io.tmpdir" value="C:\Users\RAKESH~1\AppData\Local\Temp\"/>
    <property name="java.version" value="21.0.5"/>
    <property name="user.dir" value="D:\Learning\Rest API(Automation)-Rest Assured Java\eclipse-workspacefor-RestAPI-RestAssured\RestAssured_Framework"/>
    <property name="os.arch" value="amd64"/>
    <property name="java.vm.specification.name" value="Java Virtual Machine Specification"/>
    <property name="sun.os.patch.level" value=""/>
    <property name="native.encoding" value="Cp1252"/>
    <property name="java.library.path" value="C:\Program Files\Java\jdk-21\bin;C:\WINDOWS\Sun\Java\bin;C:\WINDOWS\system32;C:\WINDOWS;C:\Program Files\Java\jdk-21/bin;C:\Program Files\Java\jdk-21/bin;C:\Program Files\Common Files\Oracle\Java\javapath;C:\windows\system32;C:\windows;C:\windows\System32\Wbem;C:\windows\System32\WindowsPowerShell\v1.0\;C:\windows\System32\OpenSSH\;C:\Program Files\HP\HP One Agent;C:\maven\apache-maven-3.9.8-bin\apache-maven-3.9.8\bin;C:\Program Files\nodejs\;C:\WINDOWS\system32;C:\WINDOWS;C:\WINDOWS\System32\Wbem;C:\WINDOWS\System32\WindowsPowerShell\v1.0\;C:\WINDOWS\System32\OpenSSH\;C:\Program Files\Docker\Docker\resources\bin;C:\Program Files\apache-maven-3.9.9\bin;C:\Program Files\Git\cmd;C:\Program Files\Java\jdk-21\bin;C:\Users\Rakesh B R\AppData\Local\Microsoft\WindowsApps;C:\Users\Rakesh B R\AppData\Roaming\npm;;C:\Program Files\JetBrains\IntelliJ IDEA Community Edition 2024.3.1.1\bin;;."/>
    <property name="java.vm.info" value="mixed mode, sharing"/>
    <property name="stderr.encoding" value="Cp1252"/>
    <property name="java.vendor" value="Oracle Corporation"/>
    <property name="java.vm.version" value="21.0.5+9-LTS-239"/>
    <property name="sun.io.unicode.encoding" value="UnicodeLittle"/>
    <property name="java.class.version" value="65.0"/>
  </properties>
  <testcase name="Verify if place is being addes successfully using Add place Api" classname="Validating Place API&apos;s" time="3.367">
    <system-out><![CDATA[/maps/api/place/add/json
/maps/api/place/get/json
]]></system-out>
  </testcase>
  <testcase name="Verify if delete place functionality is working fine" classname="Validating Place API&apos;s" time="1.879">
    <system-out><![CDATA[/maps/api/place/delete/json
]]></system-out>
  </testcase>
</testsuite>